-------------------------------------------------------------------------------
Test set: runners.DatepickerTest
-------------------------------------------------------------------------------
Tests run: 3, Failures: 1, Errors: 0, Skipped: 0, Time elapsed: 33.33 s <<< FAILURE! -- in runners.DatepickerTest
Selección de fechas en el calendario.Validacion de campo bloqueado -- Time elapsed: 8.611 s <<< FAILURE!
java.lang.AssertionError: El campo de fecha permite la entrada manual. Valor actual: 12/15/2025
	at stepdefinitions.DatepickerStep.validarCampoBloqueado(DatepickerStep.java:63)
	at ✽.el campo de texto no debe permitir la entrada manual(file:///C:/Users/julia/Downloads/Programacion-Inicio/Reto_SQA/src/test/resources/features/datepicker.feature:19)

